(000.000000) vcan 206#E977D178E0
(000.200090) vcan 7FE#70A19F4EC3
(000.400169) vcan 493#1918AE0C057EF26D
(000.600248) vcan 3CB#A651F7364C48697B
(000.800332) vcan 645#5ED0FD2EDF82AC
(001.000435) vcan 3C1#8788003E2DAE
(001.200518) vcan 2F7#158B221033E8EB69
(001.400601) vcan 495#
(001.600702) vcan 685#7B19861C84C64A6B
(001.800806) vcan 2BF#47D6851253EF2638
(002.000916) vcan 547#
(002.201000) vcan 29E#5F49C050E4101601
(002.401086) vcan 456#C393C20217E0C011
(002.601172) vcan 0F3#448E0A0DEBC36579
(002.801256) vcan 059#1EAC5163EE8C1C6C
(003.001334) vcan 76A#8AAB2B51EFAD2A38
(003.201418) vcan 209#73747523C8
(003.401507) vcan 7F1#1B24DE2038DDB256
(003.601602) vcan 11B#4ADE092C
(003.801683) vcan 072#9D9CED39C874D327
